<?xml version="1.0" encoding="UTF-8"?>
<!-- Generated by org.testng.reporters.JUnitReportReporter -->
<testsuite hostname="N7479" failures="0" tests="1" name="uk.co.automationtesting.StoreLoginTest" time="16.792" errors="0" timestamp="2023-04-14T18:12:11 IST" skipped="0">
  <testcase classname="uk.co.automationtesting.StoreLoginTest" name="AddRemoveItem" time="16.792"/>
  <system-out/>
</testsuite> <!-- uk.co.automationtesting.StoreLoginTest -->
